multiprocessing.pool.RemoteTraceback: 
"""
Traceback (most recent call last):
  File "/home/amb257/.conda/envs/cmplx_fld_lensplus/lib/python3.6/multiprocessing/pool.py", line 119, in worker
    result = (True, func(*args, **kwds))
  File "/home/amb257/.conda/envs/cmplx_fld_lensplus/lib/python3.6/multiprocessing/pool.py", line 44, in mapstar
    return list(map(*args))
  File "Calc_binning.py", line 84, in process_triangle_noseries
    return do_non_series_integral(L1, L2, L3, x1, x2, x3, config)
  File "/home/amb257/kappa_bispec/bispec_opt_est/N2_numerical/Binning_effects/non_series/full_non_series_N2.py", line 70, in do_non_series_integral
    perm1, error = dblquad(lambda xl, l: non_series_N2_full_integrand(l, L1, L2, L3, xl, x1, x2, x3, config), 0, 2*np.pi, ellmin, ellmax)
  File "/home/amb257/.conda/envs/cmplx_fld_lensplus/lib/python3.6/site-packages/scipy/integrate/quadpack.py", line 602, in dblquad
    opts={"epsabs": epsabs, "epsrel": epsrel})
  File "/home/amb257/.conda/envs/cmplx_fld_lensplus/lib/python3.6/site-packages/scipy/integrate/quadpack.py", line 826, in nquad
    return _NQuad(func, ranges, opts, full_output).integrate(*args)
  File "/home/amb257/.conda/envs/cmplx_fld_lensplus/lib/python3.6/site-packages/scipy/integrate/quadpack.py", line 881, in integrate
    **opt)
  File "/home/amb257/.conda/envs/cmplx_fld_lensplus/lib/python3.6/site-packages/scipy/integrate/quadpack.py", line 352, in quad
    points)
  File "/home/amb257/.conda/envs/cmplx_fld_lensplus/lib/python3.6/site-packages/scipy/integrate/quadpack.py", line 463, in _quad
    return _quadpack._qagse(func,a,b,args,full_output,epsabs,epsrel,limit)
  File "/home/amb257/.conda/envs/cmplx_fld_lensplus/lib/python3.6/site-packages/scipy/integrate/quadpack.py", line 881, in integrate
    **opt)
  File "/home/amb257/.conda/envs/cmplx_fld_lensplus/lib/python3.6/site-packages/scipy/integrate/quadpack.py", line 352, in quad
    points)
  File "/home/amb257/.conda/envs/cmplx_fld_lensplus/lib/python3.6/site-packages/scipy/integrate/quadpack.py", line 463, in _quad
    return _quadpack._qagse(func,a,b,args,full_output,epsabs,epsrel,limit)
  File "/home/amb257/kappa_bispec/bispec_opt_est/N2_numerical/Binning_effects/non_series/full_non_series_N2.py", line 70, in <lambda>
    perm1, error = dblquad(lambda xl, l: non_series_N2_full_integrand(l, L1, L2, L3, xl, x1, x2, x3, config), 0, 2*np.pi, ellmin, ellmax)
  File "/home/amb257/kappa_bispec/bispec_opt_est/N2_numerical/Binning_effects/non_series/full_non_series_N2.py", line 34, in non_series_N2_full_integrand
    Cpp = config.cphi_interp
AttributeError: 'CMBConfig' object has no attribute 'cphi_interp'
"""

The above exception was the direct cause of the following exception:

Traceback (most recent call last):
  File "Calc_binning.py", line 207, in <module>
    main()
  File "Calc_binning.py", line 196, in main
    bin_mid, averaged_N2_bin_equi = process_bin(bin_edges, config, num_processes=None, fold=False, series=False)
  File "Calc_binning.py", line 127, in process_bin
    N2_values = pool.map(partial(process_triangle_noseries, config=config), triangles)
  File "/home/amb257/.conda/envs/cmplx_fld_lensplus/lib/python3.6/multiprocessing/pool.py", line 266, in map
    return self._map_async(func, iterable, mapstar, chunksize).get()
  File "/home/amb257/.conda/envs/cmplx_fld_lensplus/lib/python3.6/multiprocessing/pool.py", line 644, in get
    raise self._value
AttributeError: 'CMBConfig' object has no attribute 'cphi_interp'
